C:\USERS\DAN\DOCUMENTS\VISUAL STUDIO 2012\PROJECTS\CUDART\CUDART\DEBUG\FECLOCK.OBJ
C:\USERS\DAN\DOCUMENTS\VISUAL STUDIO 2012\PROJECTS\CUDART\CUDART\DEBUG\VC110.PDB
C:\USERS\DAN\DOCUMENTS\VISUAL STUDIO 2012\PROJECTS\CUDART\CUDART\DEBUG\LODEPNG.OBJ
c:\Users\dan\documents\visual studio 2012\Projects\CudaRT\CudaRT\Debug\kernel.cu.cache
c:\Users\dan\documents\visual studio 2012\Projects\CudaRT\CudaRT\Debug\FEClock.obj
c:\Users\dan\documents\visual studio 2012\Projects\CudaRT\CudaRT\Debug\kernel.cu.obj
c:\Users\dan\documents\visual studio 2012\Projects\CudaRT\CudaRT\Debug\lodepng.obj
c:\Users\dan\documents\visual studio 2012\Projects\CudaRT\CudaRT\Debug\cl.command.1.tlog
c:\Users\dan\documents\visual studio 2012\Projects\CudaRT\CudaRT\Debug\CL.read.1.tlog
c:\Users\dan\documents\visual studio 2012\Projects\CudaRT\CudaRT\Debug\CL.write.1.tlog
c:\Users\dan\documents\visual studio 2012\Projects\CudaRT\CudaRT\Debug\link-cvtres.read.1.tlog
c:\Users\dan\documents\visual studio 2012\Projects\CudaRT\CudaRT\Debug\link-cvtres.write.1.tlog
c:\Users\dan\documents\visual studio 2012\Projects\CudaRT\CudaRT\Debug\link-rc.read.1.tlog
c:\Users\dan\documents\visual studio 2012\Projects\CudaRT\CudaRT\Debug\link-rc.write.1.tlog
c:\Users\dan\documents\visual studio 2012\Projects\CudaRT\CudaRT\Debug\link.command.1.tlog
c:\Users\dan\documents\visual studio 2012\Projects\CudaRT\CudaRT\Debug\link.read.1.tlog
c:\Users\dan\documents\visual studio 2012\Projects\CudaRT\CudaRT\Debug\link.write.1.tlog
c:\Users\dan\documents\visual studio 2012\Projects\CudaRT\CudaRT\Debug\vc110.idb
c:\Users\dan\documents\visual studio 2012\Projects\CudaRT\CudaRT\Debug\vc110.pdb
c:\Users\dan\documents\visual studio 2012\Projects\CudaRT\Debug\CudaRT.pdb
